<?xml version="1.0" encoding="UTF-8"?>
<!-- Generated by org.testng.reporters.JUnitXMLReporter -->
<testsuite ignored="0" hostname="Siva" failures="0" tests="10" name="Default test" time="51.048" errors="0" timestamp="2021-11-29T19:05:10 IST">
  <testcase classname="com.testng.automationPractice.TestNg_Automation" name="log4j" time="0.066"/>
  <testcase classname="com.testng.automationPractice.TestNg_Automation" name="url" time="14.734"/>
  <testcase classname="com.testng.automationPractice.TestNg_Automation" name="login_page" time="3.594"/>
  <testcase classname="com.testng.automationPractice.TestNg_Automation" name="tshirtPage" time="8.53"/>
  <testcase classname="com.testng.automationPractice.TestNg_Automation" name="moreAboutDressPage" time="0.281"/>
  <testcase classname="com.testng.automationPractice.TestNg_Automation" name="proceedToCheckOut1" time="6.757"/>
  <testcase classname="com.testng.automationPractice.TestNg_Automation" name="summary_page" time="2.753"/>
  <testcase classname="com.testng.automationPractice.TestNg_Automation" name="addressPage" time="3.537"/>
  <testcase classname="com.testng.automationPractice.TestNg_Automation" name="shipping_page" time="5.305"/>
  <testcase classname="com.testng.automationPractice.TestNg_Automation" name="confirm_order_page" time="5.439"/>
</testsuite> <!-- Default test -->
