<?xml version="1.0" encoding="UTF-8"?>
<!-- Generated by org.testng.reporters.JUnitXMLReporter -->
<testsuite ignored="0" hostname="Siva" failures="0" tests="26" name="Default test" time="25.474" errors="0" timestamp="2021-12-03T19:44:50 IST">
  <testcase classname="com.adactionHotelApp.AdactinHotelApp_Testng" name="url" time="4.459"/>
  <testcase classname="com.adactionHotelApp.AdactinHotelApp_Testng" name="login" time="2.194"/>
  <testcase classname="com.adactionHotelApp.AdactinHotelApp_Testng" name="location" time="0.2"/>
  <testcase classname="com.adactionHotelApp.AdactinHotelApp_Testng" name="Hotelname" time="0.17"/>
  <testcase classname="com.adactionHotelApp.AdactinHotelApp_Testng" name="roomType" time="0.179"/>
  <testcase classname="com.adactionHotelApp.AdactinHotelApp_Testng" name="noOfRooms" time="0.211"/>
  <testcase classname="com.adactionHotelApp.AdactinHotelApp_Testng" name="checkIn" time="0.147"/>
  <testcase classname="com.adactionHotelApp.AdactinHotelApp_Testng" name="checkOUT" time="0.127"/>
  <testcase classname="com.adactionHotelApp.AdactinHotelApp_Testng" name="adult" time="0.146"/>
  <testcase classname="com.adactionHotelApp.AdactinHotelApp_Testng" name="children" time="0.146"/>
  <testcase classname="com.adactionHotelApp.AdactinHotelApp_Testng" name="submit" time="1.79"/>
  <testcase classname="com.adactionHotelApp.AdactinHotelApp_Testng" name="firstName" time="0.139"/>
  <testcase classname="com.adactionHotelApp.AdactinHotelApp_Testng" name="lastName" time="0.114"/>
  <testcase classname="com.adactionHotelApp.AdactinHotelApp_Testng" name="address" time="0.165"/>
  <testcase classname="com.adactionHotelApp.AdactinHotelApp_Testng" name="card" time="0.149"/>
  <testcase classname="com.adactionHotelApp.AdactinHotelApp_Testng" name="cardType" time="0.228"/>
  <testcase classname="com.adactionHotelApp.AdactinHotelApp_Testng" name="expiryMonth" time="0.226"/>
  <testcase classname="com.adactionHotelApp.AdactinHotelApp_Testng" name="expiryYear" time="0.147"/>
  <testcase classname="com.adactionHotelApp.AdactinHotelApp_Testng" name="cvv" time="0.091"/>
  <testcase classname="com.adactionHotelApp.AdactinHotelApp_Testng" name="booking" time="0.098"/>
  <testcase classname="com.adactionHotelApp.AdactinHotelApp_Testng" name="screenShot" time="0.423"/>
  <testcase classname="com.adactionHotelApp.AdactinHotelApp_Testng" name="Myitinerary" time="8.387"/>
  <testcase classname="com.adactionHotelApp.AdactinHotelApp_Testng" name="orderid" time="0.109"/>
  <testcase classname="com.adactionHotelApp.AdactinHotelApp_Testng" name="cancel" time="0.252"/>
  <testcase classname="com.adactionHotelApp.AdactinHotelApp_Testng" name="alert" time="0.016"/>
  <testcase classname="com.adactionHotelApp.AdactinHotelApp_Testng" name="logoutAndClose" time="5.018"/>
</testsuite> <!-- Default test -->
