<?xml version="1.0" encoding="UTF-8"?>
<!-- Generated by org.testng.reporters.JUnitXMLReporter -->
<testsuite ignored="0" hostname="Siva" failures="0" tests="26" name="Test" time="19.089" errors="0" timestamp="2021-11-29T22:43:43 IST">
  <testcase classname="com.adactionHotelApp.AdactinHotelApp_Testng" name="url" time="6.962"/>
  <testcase classname="com.adactionHotelApp.AdactinHotelApp_Testng" name="login" time="1.057"/>
  <testcase classname="com.adactionHotelApp.AdactinHotelApp_Testng" name="location" time="0.132"/>
  <testcase classname="com.adactionHotelApp.AdactinHotelApp_Testng" name="Hotelname" time="0.081"/>
  <testcase classname="com.adactionHotelApp.AdactinHotelApp_Testng" name="roomType" time="0.078"/>
  <testcase classname="com.adactionHotelApp.AdactinHotelApp_Testng" name="noOfRooms" time="0.105"/>
  <testcase classname="com.adactionHotelApp.AdactinHotelApp_Testng" name="checkIn" time="0.089"/>
  <testcase classname="com.adactionHotelApp.AdactinHotelApp_Testng" name="checkOUT" time="0.082"/>
  <testcase classname="com.adactionHotelApp.AdactinHotelApp_Testng" name="adult" time="0.095"/>
  <testcase classname="com.adactionHotelApp.AdactinHotelApp_Testng" name="children" time="0.09"/>
  <testcase classname="com.adactionHotelApp.AdactinHotelApp_Testng" name="submit" time="1.971"/>
  <testcase classname="com.adactionHotelApp.AdactinHotelApp_Testng" name="firstName" time="0.064"/>
  <testcase classname="com.adactionHotelApp.AdactinHotelApp_Testng" name="lastName" time="0.05"/>
  <testcase classname="com.adactionHotelApp.AdactinHotelApp_Testng" name="address" time="0.072"/>
  <testcase classname="com.adactionHotelApp.AdactinHotelApp_Testng" name="card" time="0.063"/>
  <testcase classname="com.adactionHotelApp.AdactinHotelApp_Testng" name="cardType" time="0.099"/>
  <testcase classname="com.adactionHotelApp.AdactinHotelApp_Testng" name="expiryMonth" time="0.161"/>
  <testcase classname="com.adactionHotelApp.AdactinHotelApp_Testng" name="expiryYear" time="0.075"/>
  <testcase classname="com.adactionHotelApp.AdactinHotelApp_Testng" name="cvv" time="0.048"/>
  <testcase classname="com.adactionHotelApp.AdactinHotelApp_Testng" name="booking" time="0.061"/>
  <testcase classname="com.adactionHotelApp.AdactinHotelApp_Testng" name="screenShot" time="0.197"/>
  <testcase classname="com.adactionHotelApp.AdactinHotelApp_Testng" name="Myitinerary" time="6.109"/>
  <testcase classname="com.adactionHotelApp.AdactinHotelApp_Testng" name="orderid" time="0.057"/>
  <testcase classname="com.adactionHotelApp.AdactinHotelApp_Testng" name="cancel" time="0.044"/>
  <testcase classname="com.adactionHotelApp.AdactinHotelApp_Testng" name="alert" time="0.011"/>
  <testcase classname="com.adactionHotelApp.AdactinHotelApp_Testng" name="logoutAndClose" time="1.161"/>
</testsuite> <!-- Test -->
