<?xml version="1.0" encoding="UTF-8"?>
<testng-results ignored="0" total="26" passed="26" failed="0" skipped="0">
  <reporter-output>
  </reporter-output>
  <suite started-at="2021-12-03T19:44:24 IST" name="Default suite" finished-at="2021-12-03T19:44:50 IST" duration-ms="25474">
    <groups>
    </groups>
    <test started-at="2021-12-03T19:44:24 IST" name="Default test" finished-at="2021-12-03T19:44:50 IST" duration-ms="25474">
      <class name="com.adactionHotelApp.AdactinHotelApp_Testng">
        <test-method signature="url()[pri:1, instance:com.adactionHotelApp.AdactinHotelApp_Testng@114a85c2]" started-at="2021-12-03T19:44:24 IST" name="url" finished-at="2021-12-03T19:44:29 IST" duration-ms="4459" status="PASS">
          <reporter-output>
          </reporter-output>
        </test-method> <!-- url -->
        <test-method signature="login(java.lang.String,java.lang.String)[pri:2, instance:com.adactionHotelApp.AdactinHotelApp_Testng@114a85c2]" started-at="2021-12-03T19:44:29 IST" name="login" data-provider="data" finished-at="2021-12-03T19:44:31 IST" duration-ms="2194" status="PASS">
          <params>
            <param index="0">
              <value>
                <![CDATA[SivaM996]]>
              </value>
            </param>
            <param index="1">
              <value>
                <![CDATA[shivashiva12345]]>
              </value>
            </param>
          </params>
          <reporter-output>
          </reporter-output>
        </test-method> <!-- login -->
        <test-method signature="location()[pri:3, instance:com.adactionHotelApp.AdactinHotelApp_Testng@114a85c2]" started-at="2021-12-03T19:44:31 IST" name="location" finished-at="2021-12-03T19:44:31 IST" duration-ms="200" status="PASS">
          <reporter-output>
          </reporter-output>
        </test-method> <!-- location -->
        <test-method signature="Hotelname()[pri:4, instance:com.adactionHotelApp.AdactinHotelApp_Testng@114a85c2]" started-at="2021-12-03T19:44:31 IST" name="Hotelname" finished-at="2021-12-03T19:44:31 IST" duration-ms="170" status="PASS">
          <reporter-output>
          </reporter-output>
        </test-method> <!-- Hotelname -->
        <test-method signature="roomType()[pri:5, instance:com.adactionHotelApp.AdactinHotelApp_Testng@114a85c2]" started-at="2021-12-03T19:44:31 IST" name="roomType" finished-at="2021-12-03T19:44:31 IST" duration-ms="179" status="PASS">
          <reporter-output>
          </reporter-output>
        </test-method> <!-- roomType -->
        <test-method signature="noOfRooms()[pri:6, instance:com.adactionHotelApp.AdactinHotelApp_Testng@114a85c2]" started-at="2021-12-03T19:44:31 IST" name="noOfRooms" finished-at="2021-12-03T19:44:32 IST" duration-ms="211" status="PASS">
          <reporter-output>
          </reporter-output>
        </test-method> <!-- noOfRooms -->
        <test-method signature="checkIn()[pri:7, instance:com.adactionHotelApp.AdactinHotelApp_Testng@114a85c2]" started-at="2021-12-03T19:44:32 IST" name="checkIn" finished-at="2021-12-03T19:44:32 IST" duration-ms="147" status="PASS">
          <reporter-output>
          </reporter-output>
        </test-method> <!-- checkIn -->
        <test-method signature="checkOUT()[pri:8, instance:com.adactionHotelApp.AdactinHotelApp_Testng@114a85c2]" started-at="2021-12-03T19:44:32 IST" name="checkOUT" finished-at="2021-12-03T19:44:32 IST" duration-ms="127" status="PASS">
          <reporter-output>
          </reporter-output>
        </test-method> <!-- checkOUT -->
        <test-method signature="adult()[pri:9, instance:com.adactionHotelApp.AdactinHotelApp_Testng@114a85c2]" started-at="2021-12-03T19:44:32 IST" name="adult" finished-at="2021-12-03T19:44:32 IST" duration-ms="146" status="PASS">
          <reporter-output>
          </reporter-output>
        </test-method> <!-- adult -->
        <test-method signature="children()[pri:10, instance:com.adactionHotelApp.AdactinHotelApp_Testng@114a85c2]" started-at="2021-12-03T19:44:32 IST" name="children" finished-at="2021-12-03T19:44:32 IST" duration-ms="146" status="PASS">
          <reporter-output>
          </reporter-output>
        </test-method> <!-- children -->
        <test-method signature="submit()[pri:11, instance:com.adactionHotelApp.AdactinHotelApp_Testng@114a85c2]" started-at="2021-12-03T19:44:32 IST" name="submit" finished-at="2021-12-03T19:44:34 IST" duration-ms="1790" status="PASS">
          <reporter-output>
          </reporter-output>
        </test-method> <!-- submit -->
        <test-method signature="firstName()[pri:12, instance:com.adactionHotelApp.AdactinHotelApp_Testng@114a85c2]" started-at="2021-12-03T19:44:34 IST" name="firstName" finished-at="2021-12-03T19:44:34 IST" duration-ms="139" status="PASS">
          <reporter-output>
          </reporter-output>
        </test-method> <!-- firstName -->
        <test-method signature="lastName()[pri:13, instance:com.adactionHotelApp.AdactinHotelApp_Testng@114a85c2]" started-at="2021-12-03T19:44:34 IST" name="lastName" finished-at="2021-12-03T19:44:34 IST" duration-ms="114" status="PASS">
          <reporter-output>
          </reporter-output>
        </test-method> <!-- lastName -->
        <test-method signature="address()[pri:14, instance:com.adactionHotelApp.AdactinHotelApp_Testng@114a85c2]" started-at="2021-12-03T19:44:34 IST" name="address" finished-at="2021-12-03T19:44:34 IST" duration-ms="165" status="PASS">
          <reporter-output>
          </reporter-output>
        </test-method> <!-- address -->
        <test-method signature="card()[pri:15, instance:com.adactionHotelApp.AdactinHotelApp_Testng@114a85c2]" started-at="2021-12-03T19:44:34 IST" name="card" finished-at="2021-12-03T19:44:35 IST" duration-ms="149" status="PASS">
          <reporter-output>
          </reporter-output>
        </test-method> <!-- card -->
        <test-method signature="cardType()[pri:16, instance:com.adactionHotelApp.AdactinHotelApp_Testng@114a85c2]" started-at="2021-12-03T19:44:35 IST" name="cardType" finished-at="2021-12-03T19:44:35 IST" duration-ms="228" status="PASS">
          <reporter-output>
          </reporter-output>
        </test-method> <!-- cardType -->
        <test-method signature="expiryMonth()[pri:17, instance:com.adactionHotelApp.AdactinHotelApp_Testng@114a85c2]" started-at="2021-12-03T19:44:35 IST" name="expiryMonth" finished-at="2021-12-03T19:44:35 IST" duration-ms="226" status="PASS">
          <reporter-output>
          </reporter-output>
        </test-method> <!-- expiryMonth -->
        <test-method signature="expiryYear()[pri:18, instance:com.adactionHotelApp.AdactinHotelApp_Testng@114a85c2]" started-at="2021-12-03T19:44:35 IST" name="expiryYear" finished-at="2021-12-03T19:44:35 IST" duration-ms="147" status="PASS">
          <reporter-output>
          </reporter-output>
        </test-method> <!-- expiryYear -->
        <test-method signature="cvv()[pri:19, instance:com.adactionHotelApp.AdactinHotelApp_Testng@114a85c2]" started-at="2021-12-03T19:44:35 IST" name="cvv" finished-at="2021-12-03T19:44:35 IST" duration-ms="91" status="PASS">
          <reporter-output>
          </reporter-output>
        </test-method> <!-- cvv -->
        <test-method signature="booking()[pri:20, instance:com.adactionHotelApp.AdactinHotelApp_Testng@114a85c2]" started-at="2021-12-03T19:44:35 IST" name="booking" finished-at="2021-12-03T19:44:35 IST" duration-ms="98" status="PASS">
          <reporter-output>
          </reporter-output>
        </test-method> <!-- booking -->
        <test-method signature="screenShot()[pri:21, instance:com.adactionHotelApp.AdactinHotelApp_Testng@114a85c2]" started-at="2021-12-03T19:44:35 IST" name="screenShot" finished-at="2021-12-03T19:44:36 IST" duration-ms="423" status="PASS">
          <reporter-output>
          </reporter-output>
        </test-method> <!-- screenShot -->
        <test-method signature="Myitinerary()[pri:22, instance:com.adactionHotelApp.AdactinHotelApp_Testng@114a85c2]" started-at="2021-12-03T19:44:36 IST" name="Myitinerary" finished-at="2021-12-03T19:44:44 IST" duration-ms="8387" status="PASS">
          <reporter-output>
          </reporter-output>
        </test-method> <!-- Myitinerary -->
        <test-method signature="orderid()[pri:23, instance:com.adactionHotelApp.AdactinHotelApp_Testng@114a85c2]" started-at="2021-12-03T19:44:44 IST" name="orderid" finished-at="2021-12-03T19:44:44 IST" duration-ms="109" status="PASS">
          <reporter-output>
          </reporter-output>
        </test-method> <!-- orderid -->
        <test-method signature="cancel()[pri:24, instance:com.adactionHotelApp.AdactinHotelApp_Testng@114a85c2]" started-at="2021-12-03T19:44:44 IST" name="cancel" finished-at="2021-12-03T19:44:45 IST" duration-ms="252" status="PASS">
          <reporter-output>
          </reporter-output>
        </test-method> <!-- cancel -->
        <test-method signature="alert()[pri:25, instance:com.adactionHotelApp.AdactinHotelApp_Testng@114a85c2]" started-at="2021-12-03T19:44:45 IST" name="alert" finished-at="2021-12-03T19:44:45 IST" duration-ms="16" status="PASS">
          <reporter-output>
          </reporter-output>
        </test-method> <!-- alert -->
        <test-method signature="logoutAndClose()[pri:26, instance:com.adactionHotelApp.AdactinHotelApp_Testng@114a85c2]" started-at="2021-12-03T19:44:45 IST" name="logoutAndClose" finished-at="2021-12-03T19:44:50 IST" duration-ms="5018" status="PASS">
          <reporter-output>
          </reporter-output>
        </test-method> <!-- logoutAndClose -->
      </class> <!-- com.adactionHotelApp.AdactinHotelApp_Testng -->
    </test> <!-- Default test -->
  </suite> <!-- Default suite -->
</testng-results>
