<?xml version="1.0" encoding="UTF-8"?>
<testng-results ignored="0" total="10" passed="10" failed="0" skipped="0">
  <reporter-output>
  </reporter-output>
  <suite started-at="2021-11-29T19:04:19 IST" name="Default suite" finished-at="2021-11-29T19:05:10 IST" duration-ms="51048">
    <groups>
    </groups>
    <test started-at="2021-11-29T19:04:19 IST" name="Default test" finished-at="2021-11-29T19:05:10 IST" duration-ms="51048">
      <class name="com.testng.automationPractice.TestNg_Automation">
        <test-method signature="log4j()[pri:0, instance:com.testng.automationPractice.TestNg_Automation@71c5b236]" started-at="2021-11-29T19:04:19 IST" name="log4j" finished-at="2021-11-29T19:04:19 IST" duration-ms="66" status="PASS">
          <reporter-output>
          </reporter-output>
        </test-method> <!-- log4j -->
        <test-method signature="url()[pri:1, instance:com.testng.automationPractice.TestNg_Automation@71c5b236]" started-at="2021-11-29T19:04:19 IST" name="url" finished-at="2021-11-29T19:04:34 IST" duration-ms="14734" status="PASS">
          <reporter-output>
          </reporter-output>
        </test-method> <!-- url -->
        <test-method signature="login_page()[pri:2, instance:com.testng.automationPractice.TestNg_Automation@71c5b236]" started-at="2021-11-29T19:04:34 IST" name="login_page" finished-at="2021-11-29T19:04:37 IST" duration-ms="3594" status="PASS">
          <reporter-output>
          </reporter-output>
        </test-method> <!-- login_page -->
        <test-method signature="tshirtPage()[pri:3, instance:com.testng.automationPractice.TestNg_Automation@71c5b236]" started-at="2021-11-29T19:04:37 IST" name="tshirtPage" finished-at="2021-11-29T19:04:46 IST" duration-ms="8530" status="PASS">
          <reporter-output>
          </reporter-output>
        </test-method> <!-- tshirtPage -->
        <test-method signature="moreAboutDressPage()[pri:4, instance:com.testng.automationPractice.TestNg_Automation@71c5b236]" started-at="2021-11-29T19:04:46 IST" name="moreAboutDressPage" finished-at="2021-11-29T19:04:46 IST" duration-ms="281" status="PASS">
          <reporter-output>
          </reporter-output>
        </test-method> <!-- moreAboutDressPage -->
        <test-method signature="proceedToCheckOut1()[pri:5, instance:com.testng.automationPractice.TestNg_Automation@71c5b236]" started-at="2021-11-29T19:04:46 IST" name="proceedToCheckOut1" finished-at="2021-11-29T19:04:53 IST" duration-ms="6757" status="PASS">
          <reporter-output>
          </reporter-output>
        </test-method> <!-- proceedToCheckOut1 -->
        <test-method signature="summary_page()[pri:6, instance:com.testng.automationPractice.TestNg_Automation@71c5b236]" started-at="2021-11-29T19:04:53 IST" name="summary_page" finished-at="2021-11-29T19:04:56 IST" duration-ms="2753" status="PASS">
          <reporter-output>
          </reporter-output>
        </test-method> <!-- summary_page -->
        <test-method signature="addressPage()[pri:7, instance:com.testng.automationPractice.TestNg_Automation@71c5b236]" started-at="2021-11-29T19:04:56 IST" name="addressPage" finished-at="2021-11-29T19:04:59 IST" duration-ms="3537" status="PASS">
          <reporter-output>
          </reporter-output>
        </test-method> <!-- addressPage -->
        <test-method signature="shipping_page()[pri:8, instance:com.testng.automationPractice.TestNg_Automation@71c5b236]" started-at="2021-11-29T19:04:59 IST" name="shipping_page" finished-at="2021-11-29T19:05:05 IST" duration-ms="5305" status="PASS">
          <reporter-output>
          </reporter-output>
        </test-method> <!-- shipping_page -->
        <test-method signature="confirm_order_page()[pri:9, instance:com.testng.automationPractice.TestNg_Automation@71c5b236]" started-at="2021-11-29T19:05:05 IST" name="confirm_order_page" finished-at="2021-11-29T19:05:10 IST" duration-ms="5439" status="PASS">
          <reporter-output>
          </reporter-output>
        </test-method> <!-- confirm_order_page -->
      </class> <!-- com.testng.automationPractice.TestNg_Automation -->
    </test> <!-- Default test -->
  </suite> <!-- Default suite -->
</testng-results>
